<?xml version="1.0" encoding="UTF-8"?>
<!-- Generated by org.testng.reporters.JUnitXMLReporter -->
<testsuite ignored="0" hostname="DESKTOP-NMES7OQ" failures="0" tests="3" name="Default test" time="2.971" errors="0" timestamp="2022-11-01T18:33:03 UTC">
  <testcase classname="RestLibraryAPI.DynamicDataProvider" name="addBookDynamically" time="2.554"/>
  <testcase classname="RestLibraryAPI.DynamicDataProvider" name="addBookDynamically" time="0.159"/>
  <testcase classname="RestLibraryAPI.DynamicDataProvider" name="addBookDynamically" time="0.156"/>
</testsuite> <!-- Default test -->
