<?xml version="1.0" encoding="UTF-8"?>
<testng-results ignored="0" total="3" passed="3" failed="0" skipped="0">
  <reporter-output>
  </reporter-output>
  <suite started-at="2022-11-01T18:33:00 UTC" name="Default suite" finished-at="2022-11-01T18:33:03 UTC" duration-ms="2971">
    <groups>
    </groups>
    <test started-at="2022-11-01T18:33:00 UTC" name="Default test" finished-at="2022-11-01T18:33:03 UTC" duration-ms="2971">
      <class name="RestLibraryAPI.DynamicDataProvider">
        <test-method signature="addBookDynamically(java.lang.String,java.lang.String)[pri:0, instance:RestLibraryAPI.DynamicDataProvider@6253c26]" started-at="2022-11-01T18:33:00 UTC" name="addBookDynamically" data-provider="Books Data" finished-at="2022-11-01T18:33:02 UTC" duration-ms="2554" status="PASS">
          <params>
            <param index="0">
              <value>
                <![CDATA[abc]]>
              </value>
            </param>
            <param index="1">
              <value>
                <![CDATA[1]]>
              </value>
            </param>
          </params>
          <reporter-output>
          </reporter-output>
        </test-method> <!-- addBookDynamically -->
        <test-method signature="addBookDynamically(java.lang.String,java.lang.String)[pri:0, instance:RestLibraryAPI.DynamicDataProvider@6253c26]" started-at="2022-11-01T18:33:02 UTC" name="addBookDynamically" data-provider="Books Data" finished-at="2022-11-01T18:33:03 UTC" duration-ms="159" status="PASS">
          <params>
            <param index="0">
              <value>
                <![CDATA[def]]>
              </value>
            </param>
            <param index="1">
              <value>
                <![CDATA[2]]>
              </value>
            </param>
          </params>
          <reporter-output>
          </reporter-output>
        </test-method> <!-- addBookDynamically -->
        <test-method signature="addBookDynamically(java.lang.String,java.lang.String)[pri:0, instance:RestLibraryAPI.DynamicDataProvider@6253c26]" started-at="2022-11-01T18:33:03 UTC" name="addBookDynamically" data-provider="Books Data" finished-at="2022-11-01T18:33:03 UTC" duration-ms="156" status="PASS">
          <params>
            <param index="0">
              <value>
                <![CDATA[ghi]]>
              </value>
            </param>
            <param index="1">
              <value>
                <![CDATA[3]]>
              </value>
            </param>
          </params>
          <reporter-output>
          </reporter-output>
        </test-method> <!-- addBookDynamically -->
      </class> <!-- RestLibraryAPI.DynamicDataProvider -->
    </test> <!-- Default test -->
  </suite> <!-- Default suite -->
</testng-results>
